Traceback (most recent call last):
  File "/usr/local/lib/python3.7/site-packages/jupyter_cache/executors/basic.py", line 157, in execute
    executenb(nb_bundle.nb, cwd=tmpdirname)
  File "/usr/local/lib/python3.7/site-packages/nbconvert/preprocessors/execute.py", line 737, in executenb
    return ep.preprocess(nb, resources, km=km)[0]
  File "/usr/local/lib/python3.7/site-packages/nbconvert/preprocessors/execute.py", line 405, in preprocess
    nb, resources = super(ExecutePreprocessor, self).preprocess(nb, resources)
  File "/usr/local/lib/python3.7/site-packages/nbconvert/preprocessors/base.py", line 69, in preprocess
    nb.cells[index], resources = self.preprocess_cell(cell, resources, index)
  File "/usr/local/lib/python3.7/site-packages/nbconvert/preprocessors/execute.py", line 448, in preprocess_cell
    raise CellExecutionError.from_cell_and_msg(cell, out)
nbconvert.preprocessors.execute.CellExecutionError: An error occurred while executing the following cell:
------------------
#Imports
#msticpy imports
from msticpy.nbtools.timeseries import display_timeseries_anomolies

#pandas
import pandas as pd

#stats library to calculate z-score
from scipy import stats

#statsmodels to use STL for time series decomposition
import statsmodels.api as sm
from statsmodels.tsa.seasonal import STL

#matplotlib plots for visualization
import matplotlib.pyplot as plt
plt.style.use('fivethirtyeight')
plt.rc('figure',figsize=(16,12))
plt.rc('font',size=14)

#For widescreen view
from IPython.core.display import display, HTML
display(HTML("<style>.container { width:80% !important; }</style>")) 
------------------

[0;31m---------------------------------------------------------------------------[0m
[0;31mModuleNotFoundError[0m                       Traceback (most recent call last)
[0;32m<ipython-input-1-34a95da4d8c9>[0m in [0;36m<module>[0;34m[0m
[1;32m      1[0m [0;31m#Imports[0m[0;34m[0m[0;34m[0m[0;34m[0m[0m
[1;32m      2[0m [0;31m#msticpy imports[0m[0;34m[0m[0;34m[0m[0;34m[0m[0m
[0;32m----> 3[0;31m [0;32mfrom[0m [0mmsticpy[0m[0;34m.[0m[0mnbtools[0m[0;34m.[0m[0mtimeseries[0m [0;32mimport[0m [0mdisplay_timeseries_anomolies[0m[0;34m[0m[0;34m[0m[0m
[0m[1;32m      4[0m [0;34m[0m[0m
[1;32m      5[0m [0;31m#pandas[0m[0;34m[0m[0;34m[0m[0;34m[0m[0m

[0;31mModuleNotFoundError[0m: No module named 'msticpy'
ModuleNotFoundError: No module named 'msticpy'

