Traceback (most recent call last):
  File "/usr/local/lib/python3.7/site-packages/jupyter_cache/executors/basic.py", line 157, in execute
    executenb(nb_bundle.nb, cwd=tmpdirname)
  File "/usr/local/lib/python3.7/site-packages/nbconvert/preprocessors/execute.py", line 737, in executenb
    return ep.preprocess(nb, resources, km=km)[0]
  File "/usr/local/lib/python3.7/site-packages/nbconvert/preprocessors/execute.py", line 405, in preprocess
    nb, resources = super(ExecutePreprocessor, self).preprocess(nb, resources)
  File "/usr/local/lib/python3.7/site-packages/nbconvert/preprocessors/base.py", line 69, in preprocess
    nb.cells[index], resources = self.preprocess_cell(cell, resources, index)
  File "/usr/local/lib/python3.7/site-packages/nbconvert/preprocessors/execute.py", line 448, in preprocess_cell
    raise CellExecutionError.from_cell_and_msg(cell, out)
nbconvert.preprocessors.execute.CellExecutionError: An error occurred while executing the following cell:
------------------
import os

import pandas as pd
from msticpy.nbtools.wsconfig import WorkspaceConfig
from msticpy.data.data_providers import QueryProvider
os.environ["KQLMAGIC_LOAD_MODE"]="silent"
------------------

[0;31m---------------------------------------------------------------------------[0m
[0;31mModuleNotFoundError[0m                       Traceback (most recent call last)
[0;32m<ipython-input-4-62744b0fb8ad>[0m in [0;36m<module>[0;34m[0m
[1;32m      2[0m [0;34m[0m[0m
[1;32m      3[0m [0;32mimport[0m [0mpandas[0m [0;32mas[0m [0mpd[0m[0;34m[0m[0;34m[0m[0m
[0;32m----> 4[0;31m [0;32mfrom[0m [0mmsticpy[0m[0;34m.[0m[0mnbtools[0m[0;34m.[0m[0mwsconfig[0m [0;32mimport[0m [0mWorkspaceConfig[0m[0;34m[0m[0;34m[0m[0m
[0m[1;32m      5[0m [0;32mfrom[0m [0mmsticpy[0m[0;34m.[0m[0mdata[0m[0;34m.[0m[0mdata_providers[0m [0;32mimport[0m [0mQueryProvider[0m[0;34m[0m[0;34m[0m[0m
[1;32m      6[0m [0mos[0m[0;34m.[0m[0menviron[0m[0;34m[[0m[0;34m"KQLMAGIC_LOAD_MODE"[0m[0;34m][0m[0;34m=[0m[0;34m"silent"[0m[0;34m[0m[0;34m[0m[0m

[0;31mModuleNotFoundError[0m: No module named 'msticpy'
ModuleNotFoundError: No module named 'msticpy'

