Traceback (most recent call last):
  File "/usr/local/lib/python3.7/site-packages/jupyter_cache/executors/basic.py", line 157, in execute
    executenb(nb_bundle.nb, cwd=tmpdirname)
  File "/usr/local/lib/python3.7/site-packages/nbconvert/preprocessors/execute.py", line 737, in executenb
    return ep.preprocess(nb, resources, km=km)[0]
  File "/usr/local/lib/python3.7/site-packages/nbconvert/preprocessors/execute.py", line 405, in preprocess
    nb, resources = super(ExecutePreprocessor, self).preprocess(nb, resources)
  File "/usr/local/lib/python3.7/site-packages/nbconvert/preprocessors/base.py", line 69, in preprocess
    nb.cells[index], resources = self.preprocess_cell(cell, resources, index)
  File "/usr/local/lib/python3.7/site-packages/nbconvert/preprocessors/execute.py", line 448, in preprocess_cell
    raise CellExecutionError.from_cell_and_msg(cell, out)
nbconvert.preprocessors.execute.CellExecutionError: An error occurred while executing the following cell:
------------------
# Standard modules to use and manipulate dataframes
import numpy as np
import pandas as pd
# Used to download from Osquery repository and unzip needed files
import requests, zipfile, io
# Used to be able to access locations on disk
import pathlib
# Regular expression based extracts and filtering
import re
# Module to copy same value in a dataframe, didn't find an easier way
from itertools import cycle
# Modules to create the graphs and computations on the graphs
import networkx as nx
#import matplotlib.pyplot as plt
from pyvis.network import Network
# For the dropdown box interactions
from ipywidgets import interact
------------------

[0;31m---------------------------------------------------------------------------[0m
[0;31mModuleNotFoundError[0m                       Traceback (most recent call last)
[0;32m<ipython-input-2-ef5530c2bb05>[0m in [0;36m<module>[0;34m[0m
[1;32m     11[0m [0;32mfrom[0m [0mitertools[0m [0;32mimport[0m [0mcycle[0m[0;34m[0m[0;34m[0m[0m
[1;32m     12[0m [0;31m# Modules to create the graphs and computations on the graphs[0m[0;34m[0m[0;34m[0m[0;34m[0m[0m
[0;32m---> 13[0;31m [0;32mimport[0m [0mnetworkx[0m [0;32mas[0m [0mnx[0m[0;34m[0m[0;34m[0m[0m
[0m[1;32m     14[0m [0;31m#import matplotlib.pyplot as plt[0m[0;34m[0m[0;34m[0m[0;34m[0m[0m
[1;32m     15[0m [0;32mfrom[0m [0mpyvis[0m[0;34m.[0m[0mnetwork[0m [0;32mimport[0m [0mNetwork[0m[0;34m[0m[0;34m[0m[0m

[0;31mModuleNotFoundError[0m: No module named 'networkx'
ModuleNotFoundError: No module named 'networkx'

